INFO	[Arima Load Balancer(N/A): Assigning sesssion 3 to VM(App-Srv, 1)[RUNNING] cpu(0.00), ram(0.00), cdlts(0), sess(0);
INFO	[Arima Load Balancer(N/A), Candidate VMs: VM(App-Srv, 1)[RUNNING] cpu(0.00), ram(0.00), cdlts(0), sess(0); VM(App-Srv, 2)[RUNNING] cpu(0.00), ram(0.00), cdlts(0), sess(0); 
INFO	[Simple Load Balancer], DB VMs: VM(Db-Srv, 3) cpu(0.00), ram(0.00), disk(0.00), cdlts(0);
INFO	[Arima Load Balancer(N/A): Assigning sesssion 4 to VM(App-Srv, 2)[RUNNING] cpu(0.00), ram(0.00), cdlts(0), sess(0);
INFO	[Arima Load Balancer(N/A), Candidate VMs: VM(App-Srv, 1)[RUNNING] cpu(0.00), ram(0.00), cdlts(0), sess(0); VM(App-Srv, 2)[RUNNING] cpu(0.00), ram(0.00), cdlts(0), sess(0); 
INFO	[Simple Load Balancer], DB VMs: VM(Db-Srv, 3) cpu(0.00), ram(0.00), disk(0.00), cdlts(0);
INFO	[Arima Load Balancer(N/A): Assigning sesssion 5 to VM(App-Srv, 1)[RUNNING] cpu(0.00), ram(0.00), cdlts(0), sess(0);
INFO	[Arima Load Balancer(N/A), Candidate VMs: VM(App-Srv, 1)[RUNNING] cpu(0.00), ram(0.00), cdlts(0), sess(0); VM(App-Srv, 2)[RUNNING] cpu(0.00), ram(0.00), cdlts(0), sess(0); 
INFO	[Simple Load Balancer], DB VMs: VM(Db-Srv, 3) cpu(0.00), ram(0.00), disk(0.00), cdlts(0);
INFO	CloudletId;SessionId;       Ram;   VmId;     Delay;IdealStartTime;ExecStartTime;CloudletLength;CloudletIOLength;ActualCPUTime;FinishTime;CloudletStatusString;Finished
INFO	         1;        3;      1.00;      1;      0.00;       1950.00;      1950.00;           200;               0;         0.80;   1950.80;             Success;    true
INFO	         2;        3;      1.00;      3;      0.00;       1950.00;      1950.00;            10;               5;         0.80;   1950.80;             Success;    true
INFO	         3;        3;      1.00;      1;      0.00;       1955.00;      1955.00;           200;               0;         0.80;   1955.80;             Success;    true
INFO	         4;        3;      1.00;      3;      0.00;       1955.00;      1955.00;            10;               5;         0.80;   1955.80;             Success;    true
INFO	         5;        3;      1.00;      1;      0.00;       1960.00;      1960.00;           200;               0;         0.80;   1960.80;             Success;    true
INFO	         6;        3;      1.00;      3;      0.00;       1960.00;      1960.00;            10;               5;         0.80;   1960.80;             Success;    true
INFO	         7;        3;      1.00;      1;      0.00;       1965.00;      1965.00;           200;               0;         0.80;   1965.80;             Success;    true
INFO	         8;        3;      1.00;      3;      0.00;       1965.00;      1965.00;            10;               5;         0.80;   1965.80;             Success;    true
INFO	         9;        3;      1.00;      1;      0.00;       1970.00;      1970.00;           200;               0;         0.80;   1970.80;             Success;    true
INFO	        10;        3;      1.00;      3;      0.00;       1970.00;      1970.00;            10;               5;         0.80;   1970.80;             Success;    true
INFO	        11;        3;      1.00;      1;      0.00;       1975.00;      1975.00;           200;               0;         0.80;   1975.80;             Success;    true
INFO	        12;        3;      1.00;      3;      0.00;       1975.00;      1975.00;            10;               5;         0.80;   1975.80;             Success;    true
INFO	        13;        3;      1.00;      1;      0.00;       1980.00;      1980.00;           200;               0;         0.80;   1980.80;             Success;    true
INFO	        14;        3;      1.00;      3;      0.00;       1980.00;      1980.00;            10;               5;         0.80;   1980.80;             Success;    true
INFO	        15;        3;      1.00;      1;      0.00;       1985.00;      1985.00;           200;               0;         0.80;   1985.80;             Success;    true
INFO	        16;        3;      1.00;      3;      0.00;       1985.00;      1985.00;            10;               5;         0.80;   1985.80;             Success;    true
INFO	        17;        3;      1.00;      1;      0.00;       1990.00;      1990.00;           200;               0;         0.80;   1990.80;             Success;    true
INFO	        18;        3;      1.00;      3;      0.00;       1990.00;      1990.00;            10;               5;         0.80;   1990.80;             Success;    true
INFO	        19;        3;      1.00;      1;      0.00;       1995.00;      1995.00;           200;               0;         0.80;   1995.80;             Success;    true
INFO	        20;        3;      1.00;      3;      0.00;       1995.00;      1995.00;            10;               5;         0.80;   1995.80;             Success;    true
INFO	        21;        3;      1.00;      1;      0.00;       2000.00;      2000.00;           200;               0;         0.80;   2000.80;             Success;    true
INFO	        22;        3;      1.00;      3;      0.00;       2000.00;      2000.00;            10;               5;         0.80;   2000.80;             Success;    true
INFO	        23;        3;      1.00;      1;      0.00;       2005.00;      2005.00;           200;               0;         0.80;   2005.80;             Success;    true
INFO	        24;        3;      1.00;      3;      0.00;       2005.00;      2005.00;            10;               5;         0.80;   2005.80;             Success;    true
INFO	        25;        3;      1.00;      1;      0.00;       2010.00;      2010.00;           200;               0;         0.80;   2010.80;             Success;    true
INFO	        26;        3;      1.00;      3;      0.00;       2010.00;      2010.00;            10;               5;         0.80;   2010.80;             Success;    true
INFO	        27;        3;      1.00;      1;      0.00;       2015.00;      2015.00;           200;               0;         0.80;   2015.80;             Success;    true
INFO	        28;        3;      1.00;      3;      0.00;       2015.00;      2015.00;            10;               5;         0.80;   2015.80;             Success;    true
INFO	        29;        3;      1.00;      1;      0.00;       2020.00;      2020.00;           200;               0;         0.80;   2020.80;             Success;    true
INFO	        30;        3;      1.00;      3;      0.00;       2020.00;      2020.00;            10;               5;         0.80;   2020.80;             Success;    true
INFO	        31;        3;      1.00;      1;      0.00;       2025.00;      2025.00;           200;               0;         0.80;   2025.80;             Success;    true
INFO	        32;        3;      1.00;      3;      0.00;       2025.00;      2025.00;            10;               5;         0.80;   2025.80;             Success;    true
INFO	        33;        3;      1.00;      1;      0.00;       2030.00;      2030.00;           200;               0;         0.80;   2030.80;             Success;    true
INFO	        34;        3;      1.00;      3;      0.00;       2030.00;      2030.00;            10;               5;         0.80;   2030.80;             Success;    true
INFO	        35;        3;      1.00;      1;      0.00;       2035.00;      2035.00;           200;               0;         0.80;   2035.80;             Success;    true
INFO	        36;        3;      1.00;      3;      0.00;       2035.00;      2035.00;            10;               5;         0.80;   2035.80;             Success;    true
INFO	        37;        3;      1.00;      1;      0.00;       2040.00;      2040.00;           200;               0;         0.80;   2040.80;             Success;    true
INFO	        38;        3;      1.00;      3;      0.00;       2040.00;      2040.00;            10;               5;         0.80;   2040.80;             Success;    true
INFO	        39;        3;      1.00;      1;      0.00;       2045.00;      2045.00;           200;               0;         0.80;   2045.80;             Success;    true
INFO	        40;        3;      1.00;      3;      0.00;       2045.00;      2045.00;            10;               5;         0.80;   2045.80;             Success;    true
INFO	        41;        3;      1.00;      1;      0.00;       2050.00;      2050.00;           200;               0;         0.80;   2050.80;             Success;    true
INFO	        42;        3;      1.00;      3;      0.00;       2050.00;      2050.00;            10;               5;         0.80;   2050.80;             Success;    true
INFO	        43;        3;      1.00;      1;      0.00;       2055.00;      2055.00;           200;               0;         0.80;   2055.80;             Success;    true
INFO	        44;        3;      1.00;      3;      0.00;       2055.00;      2055.00;            10;               5;         0.80;   2055.80;             Success;    true
INFO	        45;        3;      1.00;      1;      0.00;       2060.00;      2060.00;           200;               0;         0.80;   2060.80;             Success;    true
INFO	        46;        3;      1.00;      3;      0.00;       2060.00;      2060.00;            10;               5;         0.80;   2060.80;             Success;    true
INFO	        47;        3;      1.00;      1;      0.00;       2065.00;      2065.00;           200;               0;         0.80;   2065.80;             Success;    true
INFO	        48;        3;      1.00;      3;      0.00;       2065.00;      2065.00;            10;               5;         0.80;   2065.80;             Success;    true
INFO	        49;        3;      1.00;      1;      0.00;       2070.00;      2070.00;           200;               0;         0.80;   2070.80;             Success;    true
INFO	        50;        3;      1.00;      3;      0.00;       2070.00;      2070.00;            10;               5;         0.80;   2070.80;             Success;    true
INFO	        51;        3;      1.00;      1;      0.00;       2075.00;      2075.00;           200;               0;         0.80;   2075.80;             Success;    true
INFO	        52;        3;      1.00;      3;      0.00;       2075.00;      2075.00;            10;               5;         0.80;   2075.80;             Success;    true
INFO	        53;        3;      1.00;      1;      0.00;       2080.00;      2080.00;           200;               0;         0.80;   2080.80;             Success;    true
INFO	        54;        3;      1.00;      3;      0.00;       2080.00;      2080.00;            10;               5;         0.80;   2080.80;             Success;    true
INFO	        55;        3;      1.00;      1;      0.00;       2085.00;      2085.00;           200;               0;         0.80;   2085.80;             Success;    true
INFO	        56;        3;      1.00;      3;      0.00;       2085.00;      2085.00;            10;               5;         0.80;   2085.80;             Success;    true
INFO	        57;        3;      1.00;      1;      0.00;       2090.00;      2090.00;           200;               0;         0.80;   2090.80;             Success;    true
INFO	        58;        3;      1.00;      3;      0.00;       2090.00;      2090.00;            10;               5;         0.80;   2090.80;             Success;    true
INFO	        59;        3;      1.00;      1;      0.00;       2095.00;      2095.00;           200;               0;         0.80;   2095.80;             Success;    true
INFO	        60;        3;      1.00;      3;      0.00;       2095.00;      2095.00;            10;               5;         0.80;   2095.80;             Success;    true
INFO	        61;        3;      1.00;      1;      0.00;       2100.00;      2100.00;           200;               0;         0.80;   2100.80;             Success;    true
INFO	        62;        3;      1.00;      3;      0.00;       2100.00;      2100.00;            10;               5;         0.80;   2100.80;             Success;    true
INFO	        63;        3;      1.00;      1;      0.00;       2105.00;      2105.00;           200;               0;         0.80;   2105.80;             Success;    true
INFO	        64;        3;      1.00;      3;      0.00;       2105.00;      2105.00;            10;               5;         0.80;   2105.80;             Success;    true
INFO	        65;        3;      1.00;      1;      0.00;       2110.00;      2110.00;           200;               0;         0.80;   2110.80;             Success;    true
INFO	        66;        3;      1.00;      3;      0.00;       2110.00;      2110.00;            10;               5;         0.80;   2110.80;             Success;    true
INFO	        67;        3;      1.00;      1;      0.00;       2115.00;      2115.00;           200;               0;         0.80;   2115.80;             Success;    true
INFO	        68;        3;      1.00;      3;      0.00;       2115.00;      2115.00;            10;               5;         0.80;   2115.80;             Success;    true
INFO	        69;        3;      1.00;      1;      0.00;       2120.00;      2120.00;           200;               0;         0.80;   2120.80;             Success;    true
INFO	        70;        3;      1.00;      3;      0.00;       2120.00;      2120.00;            10;               5;         0.80;   2120.80;             Success;    true
INFO	        71;        3;      1.00;      1;      0.00;       2125.00;      2125.00;           200;               0;         0.80;   2125.80;             Success;    true
INFO	        72;        3;      1.00;      3;      0.00;       2125.00;      2125.00;            10;               5;         0.80;   2125.80;             Success;    true
INFO	        73;        3;      1.00;      1;      0.00;       2130.00;      2130.00;           200;               0;         0.80;   2130.80;             Success;    true
INFO	        74;        3;      1.00;      3;      0.00;       2130.00;      2130.00;            10;               5;         0.80;   2130.80;             Success;    true
INFO	        75;        3;      1.00;      1;      0.00;       2135.00;      2135.00;           200;               0;         0.80;   2135.80;             Success;    true
INFO	        76;        3;      1.00;      3;      0.00;       2135.00;      2135.00;            10;               5;         0.80;   2135.80;             Success;    true
INFO	        77;        3;      1.00;      1;      0.00;       2140.00;      2140.00;           200;               0;         0.80;   2140.80;             Success;    true
INFO	        78;        3;      1.00;      3;      0.00;       2140.00;      2140.00;            10;               5;         0.80;   2140.80;             Success;    true
INFO	        79;        3;      1.00;      1;      0.00;       2145.00;      2145.00;           200;               0;         0.80;   2145.80;             Success;    true
INFO	        80;        3;      1.00;      3;      0.00;       2145.00;      2145.00;            10;               5;         0.80;   2145.80;             Success;    true
INFO	        81;        4;      1.00;      2;      0.00;       2340.00;      2340.00;           200;               0;         0.80;   2340.80;             Success;    true
INFO	        82;        4;      1.00;      3;      0.00;       2340.00;      2340.00;            10;               5;         0.80;   2340.80;             Success;    true
INFO	        83;        4;      1.00;      2;      0.00;       2345.00;      2345.00;           200;               0;         0.80;   2345.80;             Success;    true
INFO	        84;        4;      1.00;      3;      0.00;       2345.00;      2345.00;            10;               5;         0.80;   2345.80;             Success;    true
INFO	        85;        4;      1.00;      2;      0.00;       2350.00;      2350.00;           200;               0;         0.80;   2350.80;             Success;    true
INFO	        86;        4;      1.00;      3;      0.00;       2350.00;      2350.00;            10;               5;         0.80;   2350.80;             Success;    true
INFO	        87;        4;      1.00;      2;      0.00;       2355.00;      2355.00;           200;               0;         0.80;   2355.80;             Success;    true
INFO	        88;        4;      1.00;      3;      0.00;       2355.00;      2355.00;            10;               5;         0.80;   2355.80;             Success;    true
INFO	        89;        4;      1.00;      2;      0.00;       2360.00;      2360.00;           200;               0;         0.80;   2360.80;             Success;    true
INFO	        90;        4;      1.00;      3;      0.00;       2360.00;      2360.00;            10;               5;         0.80;   2360.80;             Success;    true
INFO	        91;        4;      1.00;      2;      0.00;       2365.00;      2365.00;           200;               0;         0.80;   2365.80;             Success;    true
INFO	        92;        4;      1.00;      3;      0.00;       2365.00;      2365.00;            10;               5;         0.80;   2365.80;             Success;    true
INFO	        93;        4;      1.00;      2;      0.00;       2370.00;      2370.00;           200;               0;         0.80;   2370.80;             Success;    true
INFO	        94;        4;      1.00;      3;      0.00;       2370.00;      2370.00;            10;               5;         0.80;   2370.80;             Success;    true
INFO	        95;        4;      1.00;      2;      0.00;       2375.00;      2375.00;           200;               0;         0.80;   2375.80;             Success;    true
INFO	        96;        4;      1.00;      3;      0.00;       2375.00;      2375.00;            10;               5;         0.80;   2375.80;             Success;    true
INFO	        97;        4;      1.00;      2;      0.00;       2380.00;      2380.00;           200;               0;         0.80;   2380.80;             Success;    true
INFO	        98;        4;      1.00;      3;      0.00;       2380.00;      2380.00;            10;               5;         0.80;   2380.80;             Success;    true
INFO	        99;        4;      1.00;      2;      0.00;       2385.00;      2385.00;           200;               0;         0.80;   2385.80;             Success;    true
INFO	       100;        4;      1.00;      3;      0.00;       2385.00;      2385.00;            10;               5;         0.80;   2385.80;             Success;    true
INFO	       101;        4;      1.00;      2;      0.00;       2390.00;      2390.00;           200;               0;         0.80;   2390.80;             Success;    true
INFO	       102;        4;      1.00;      3;      0.00;       2390.00;      2390.00;            10;               5;         0.80;   2390.80;             Success;    true
INFO	       103;        4;      1.00;      2;      0.00;       2395.00;      2395.00;           200;               0;         0.80;   2395.80;             Success;    true
INFO	       104;        4;      1.00;      3;      0.00;       2395.00;      2395.00;            10;               5;         0.80;   2395.80;             Success;    true
INFO	       105;        4;      1.00;      2;      0.00;       2400.00;      2400.00;           200;               0;         0.80;   2400.80;             Success;    true
INFO	       106;        4;      1.00;      3;      0.00;       2400.00;      2400.00;            10;               5;         0.80;   2400.80;             Success;    true
INFO	       107;        4;      1.00;      2;      0.00;       2405.00;      2405.00;           200;               0;         0.80;   2405.80;             Success;    true
INFO	       108;        4;      1.00;      3;      0.00;       2405.00;      2405.00;            10;               5;         0.80;   2405.80;             Success;    true
INFO	       109;        4;      1.00;      2;      0.00;       2410.00;      2410.00;           200;               0;         0.80;   2410.80;             Success;    true
INFO	       110;        4;      1.00;      3;      0.00;       2410.00;      2410.00;            10;               5;         0.80;   2410.80;             Success;    true
INFO	       111;        4;      1.00;      2;      0.00;       2415.00;      2415.00;           200;               0;         0.80;   2415.80;             Success;    true
INFO	       112;        4;      1.00;      3;      0.00;       2415.00;      2415.00;            10;               5;         0.80;   2415.80;             Success;    true
INFO	       113;        4;      1.00;      2;      0.00;       2420.00;      2420.00;           200;               0;         0.80;   2420.80;             Success;    true
INFO	       114;        4;      1.00;      3;      0.00;       2420.00;      2420.00;            10;               5;         0.80;   2420.80;             Success;    true
INFO	       115;        4;      1.00;      2;      0.00;       2425.00;      2425.00;           200;               0;         0.80;   2425.80;             Success;    true
INFO	       116;        4;      1.00;      3;      0.00;       2425.00;      2425.00;            10;               5;         0.80;   2425.80;             Success;    true
INFO	       117;        4;      1.00;      2;      0.00;       2430.00;      2430.00;           200;               0;         0.80;   2430.80;             Success;    true
INFO	       118;        4;      1.00;      3;      0.00;       2430.00;      2430.00;            10;               5;         0.80;   2430.80;             Success;    true
INFO	       119;        4;      1.00;      2;      0.00;       2435.00;      2435.00;           200;               0;         0.80;   2435.80;             Success;    true
INFO	       120;        4;      1.00;      3;      0.00;       2435.00;      2435.00;            10;               5;         0.80;   2435.80;             Success;    true
INFO	       121;        4;      1.00;      2;      0.00;       2440.00;      2440.00;           200;               0;         0.80;   2440.80;             Success;    true
INFO	       122;        4;      1.00;      3;      0.00;       2440.00;      2440.00;            10;               5;         0.80;   2440.80;             Success;    true
INFO	       123;        4;      1.00;      2;      0.00;       2445.00;      2445.00;           200;               0;         0.80;   2445.80;             Success;    true
INFO	       124;        4;      1.00;      3;      0.00;       2445.00;      2445.00;            10;               5;         0.80;   2445.80;             Success;    true
INFO	       125;        4;      1.00;      2;      0.00;       2450.00;      2450.00;           200;               0;         0.80;   2450.80;             Success;    true
INFO	       126;        4;      1.00;      3;      0.00;       2450.00;      2450.00;            10;               5;         0.80;   2450.80;             Success;    true
INFO	       127;        4;      1.00;      2;      0.00;       2455.00;      2455.00;           200;               0;         0.80;   2455.80;             Success;    true
INFO	       128;        4;      1.00;      3;      0.00;       2455.00;      2455.00;            10;               5;         0.80;   2455.80;             Success;    true
INFO	       129;        4;      1.00;      2;      0.00;       2460.00;      2460.00;           200;               0;         0.80;   2460.80;             Success;    true
INFO	       130;        4;      1.00;      3;      0.00;       2460.00;      2460.00;            10;               5;         0.80;   2460.80;             Success;    true
INFO	       131;        4;      1.00;      2;      0.00;       2465.00;      2465.00;           200;               0;         0.80;   2465.80;             Success;    true
INFO	       132;        4;      1.00;      3;      0.00;       2465.00;      2465.00;            10;               5;         0.80;   2465.80;             Success;    true
INFO	       133;        4;      1.00;      2;      0.00;       2470.00;      2470.00;           200;               0;         0.80;   2470.80;             Success;    true
INFO	       134;        4;      1.00;      3;      0.00;       2470.00;      2470.00;            10;               5;         0.80;   2470.80;             Success;    true
INFO	       135;        4;      1.00;      2;      0.00;       2475.00;      2475.00;           200;               0;         0.80;   2475.80;             Success;    true
INFO	       136;        4;      1.00;      3;      0.00;       2475.00;      2475.00;            10;               5;         0.80;   2475.80;             Success;    true
INFO	       137;        4;      1.00;      2;      0.00;       2480.00;      2480.00;           200;               0;         0.80;   2480.80;             Success;    true
INFO	       138;        4;      1.00;      3;      0.00;       2480.00;      2480.00;            10;               5;         0.80;   2480.80;             Success;    true
INFO	       139;        4;      1.00;      2;      0.00;       2485.00;      2485.00;           200;               0;         0.80;   2485.80;             Success;    true
INFO	       140;        4;      1.00;      3;      0.00;       2485.00;      2485.00;            10;               5;         0.80;   2485.80;             Success;    true
INFO	       141;        4;      1.00;      2;      0.00;       2490.00;      2490.00;           200;               0;         0.80;   2490.80;             Success;    true
INFO	       142;        4;      1.00;      3;      0.00;       2490.00;      2490.00;            10;               5;         0.80;   2490.80;             Success;    true
INFO	       143;        4;      1.00;      2;      0.00;       2495.00;      2495.00;           200;               0;         0.80;   2495.80;             Success;    true
INFO	       144;        4;      1.00;      3;      0.00;       2495.00;      2495.00;            10;               5;         0.80;   2495.80;             Success;    true
INFO	       145;        4;      1.00;      2;      0.00;       2500.00;      2500.00;           200;               0;         0.80;   2500.80;             Success;    true
INFO	       146;        4;      1.00;      3;      0.00;       2500.00;      2500.00;            10;               5;         0.80;   2500.80;             Success;    true
INFO	       147;        4;      1.00;      2;      0.00;       2505.00;      2505.00;           200;               0;         0.80;   2505.80;             Success;    true
INFO	       148;        4;      1.00;      3;      0.00;       2505.00;      2505.00;            10;               5;         0.80;   2505.80;             Success;    true
INFO	       149;        4;      1.00;      2;      0.00;       2510.00;      2510.00;           200;               0;         0.80;   2510.80;             Success;    true
INFO	       150;        4;      1.00;      3;      0.00;       2510.00;      2510.00;            10;               5;         0.80;   2510.80;             Success;    true
INFO	       151;        4;      1.00;      2;      0.00;       2515.00;      2515.00;           200;               0;         0.80;   2515.80;             Success;    true
INFO	       152;        4;      1.00;      3;      0.00;       2515.00;      2515.00;            10;               5;         0.80;   2515.80;             Success;    true
INFO	       153;        4;      1.00;      2;      0.00;       2520.00;      2520.00;           200;               0;         0.80;   2520.80;             Success;    true
INFO	       154;        4;      1.00;      3;      0.00;       2520.00;      2520.00;            10;               5;         0.80;   2520.80;             Success;    true
INFO	       155;        4;      1.00;      2;      0.00;       2525.00;      2525.00;           200;               0;         0.80;   2525.80;             Success;    true
INFO	       156;        4;      1.00;      3;      0.00;       2525.00;      2525.00;            10;               5;         0.80;   2525.80;             Success;    true
INFO	       157;        4;      1.00;      2;      0.00;       2530.00;      2530.00;           200;               0;         0.80;   2530.80;             Success;    true
INFO	       158;        4;      1.00;      3;      0.00;       2530.00;      2530.00;            10;               5;         0.80;   2530.80;             Success;    true
INFO	       159;        4;      1.00;      2;      0.00;       2535.00;      2535.00;           200;               0;         0.80;   2535.80;             Success;    true
INFO	       160;        4;      1.00;      3;      0.00;       2535.00;      2535.00;            10;               5;         0.80;   2535.80;             Success;    true
INFO	       161;        5;      1.00;      1;      0.00;       3330.00;      3330.00;           200;               0;         0.80;   3330.80;             Success;    true
INFO	       162;        5;      1.00;      3;      0.00;       3330.00;      3330.00;            10;               5;         0.80;   3330.80;             Success;    true
INFO	       163;        5;      1.00;      1;      0.00;       3335.00;      3335.00;           200;               0;         0.80;   3335.80;             Success;    true
INFO	       164;        5;      1.00;      3;      0.00;       3335.00;      3335.00;            10;               5;         0.80;   3335.80;             Success;    true
INFO	       165;        5;      1.00;      1;      0.00;       3340.00;      3340.00;           200;               0;         0.80;   3340.80;             Success;    true
INFO	       166;        5;      1.00;      3;      0.00;       3340.00;      3340.00;            10;               5;         0.80;   3340.80;             Success;    true
INFO	       167;        5;      1.00;      1;      0.00;       3345.00;      3345.00;           200;               0;         0.80;   3345.80;             Success;    true
INFO	       168;        5;      1.00;      3;      0.00;       3345.00;      3345.00;            10;               5;         0.80;   3345.80;             Success;    true
INFO	       169;        5;      1.00;      1;      0.00;       3350.00;      3350.00;           200;               0;         0.80;   3350.80;             Success;    true
INFO	       170;        5;      1.00;      3;      0.00;       3350.00;      3350.00;            10;               5;         0.80;   3350.80;             Success;    true
INFO	       171;        5;      1.00;      1;      0.00;       3355.00;      3355.00;           200;               0;         0.80;   3355.80;             Success;    true
INFO	       172;        5;      1.00;      3;      0.00;       3355.00;      3355.00;            10;               5;         0.80;   3355.80;             Success;    true
INFO	       173;        5;      1.00;      1;      0.00;       3360.00;      3360.00;           200;               0;         0.80;   3360.80;             Success;    true
INFO	       174;        5;      1.00;      3;      0.00;       3360.00;      3360.00;            10;               5;         0.80;   3360.80;             Success;    true
INFO	       175;        5;      1.00;      1;      0.00;       3365.00;      3365.00;           200;               0;         0.80;   3365.80;             Success;    true
INFO	       176;        5;      1.00;      3;      0.00;       3365.00;      3365.00;            10;               5;         0.80;   3365.80;             Success;    true
INFO	       177;        5;      1.00;      1;      0.00;       3370.00;      3370.00;           200;               0;         0.80;   3370.80;             Success;    true
INFO	       178;        5;      1.00;      3;      0.00;       3370.00;      3370.00;            10;               5;         0.80;   3370.80;             Success;    true
INFO	       179;        5;      1.00;      1;      0.00;       3375.00;      3375.00;           200;               0;         0.80;   3375.80;             Success;    true
INFO	       180;        5;      1.00;      3;      0.00;       3375.00;      3375.00;            10;               5;         0.80;   3375.80;             Success;    true
INFO	       181;        5;      1.00;      1;      0.00;       3380.00;      3380.00;           200;               0;         0.80;   3380.80;             Success;    true
INFO	       182;        5;      1.00;      3;      0.00;       3380.00;      3380.00;            10;               5;         0.80;   3380.80;             Success;    true
INFO	       183;        5;      1.00;      1;      0.00;       3385.00;      3385.00;           200;               0;         0.80;   3385.80;             Success;    true
INFO	       184;        5;      1.00;      3;      0.00;       3385.00;      3385.00;            10;               5;         0.80;   3385.80;             Success;    true
INFO	       185;        5;      1.00;      1;      0.00;       3390.00;      3390.00;           200;               0;         0.80;   3390.80;             Success;    true
INFO	       186;        5;      1.00;      3;      0.00;       3390.00;      3390.00;            10;               5;         0.80;   3390.80;             Success;    true
INFO	       187;        5;      1.00;      1;      0.00;       3395.00;      3395.00;           200;               0;         0.80;   3395.80;             Success;    true
INFO	       188;        5;      1.00;      3;      0.00;       3395.00;      3395.00;            10;               5;         0.80;   3395.80;             Success;    true
INFO	       189;        5;      1.00;      1;      0.00;       3400.00;      3400.00;           200;               0;         0.80;   3400.80;             Success;    true
INFO	       190;        5;      1.00;      3;      0.00;       3400.00;      3400.00;            10;               5;         0.80;   3400.80;             Success;    true
INFO	       191;        5;      1.00;      1;      0.00;       3405.00;      3405.00;           200;               0;         0.80;   3405.80;             Success;    true
INFO	       192;        5;      1.00;      3;      0.00;       3405.00;      3405.00;            10;               5;         0.80;   3405.80;             Success;    true
INFO	       193;        5;      1.00;      1;      0.00;       3410.00;      3410.00;           200;               0;         0.80;   3410.80;             Success;    true
INFO	       194;        5;      1.00;      3;      0.00;       3410.00;      3410.00;            10;               5;         0.80;   3410.80;             Success;    true
INFO	       195;        5;      1.00;      1;      0.00;       3415.00;      3415.00;           200;               0;         0.80;   3415.80;             Success;    true
INFO	       196;        5;      1.00;      3;      0.00;       3415.00;      3415.00;            10;               5;         0.80;   3415.80;             Success;    true
INFO	       197;        5;      1.00;      1;      0.00;       3420.00;      3420.00;           200;               0;         0.80;   3420.80;             Success;    true
INFO	       198;        5;      1.00;      3;      0.00;       3420.00;      3420.00;            10;               5;         0.80;   3420.80;             Success;    true
INFO	       199;        5;      1.00;      1;      0.00;       3425.00;      3425.00;           200;               0;         0.80;   3425.80;             Success;    true
INFO	       200;        5;      1.00;      3;      0.00;       3425.00;      3425.00;            10;               5;         0.80;   3425.80;             Success;    true
INFO	       201;        5;      1.00;      1;      0.00;       3430.00;      3430.00;           200;               0;         0.80;   3430.80;             Success;    true
INFO	       202;        5;      1.00;      3;      0.00;       3430.00;      3430.00;            10;               5;         0.80;   3430.80;             Success;    true
INFO	       203;        5;      1.00;      1;      0.00;       3435.00;      3435.00;           200;               0;         0.80;   3435.80;             Success;    true
INFO	       204;        5;      1.00;      3;      0.00;       3435.00;      3435.00;            10;               5;         0.80;   3435.80;             Success;    true
INFO	       205;        5;      1.00;      1;      0.00;       3440.00;      3440.00;           200;               0;         0.80;   3440.80;             Success;    true
INFO	       206;        5;      1.00;      3;      0.00;       3440.00;      3440.00;            10;               5;         0.80;   3440.80;             Success;    true
INFO	       207;        5;      1.00;      1;      0.00;       3445.00;      3445.00;           200;               0;         0.80;   3445.80;             Success;    true
INFO	       208;        5;      1.00;      3;      0.00;       3445.00;      3445.00;            10;               5;         0.80;   3445.80;             Success;    true
INFO	       209;        5;      1.00;      1;      0.00;       3450.00;      3450.00;           200;               0;         0.80;   3450.80;             Success;    true
INFO	       210;        5;      1.00;      3;      0.00;       3450.00;      3450.00;            10;               5;         0.80;   3450.80;             Success;    true
INFO	       211;        5;      1.00;      1;      0.00;       3455.00;      3455.00;           200;               0;         0.80;   3455.80;             Success;    true
INFO	       212;        5;      1.00;      3;      0.00;       3455.00;      3455.00;            10;               5;         0.80;   3455.80;             Success;    true
INFO	       213;        5;      1.00;      1;      0.00;       3460.00;      3460.00;           200;               0;         0.80;   3460.80;             Success;    true
INFO	       214;        5;      1.00;      3;      0.00;       3460.00;      3460.00;            10;               5;         0.80;   3460.80;             Success;    true
INFO	       215;        5;      1.00;      1;      0.00;       3465.00;      3465.00;           200;               0;         0.80;   3465.80;             Success;    true
INFO	       216;        5;      1.00;      3;      0.00;       3465.00;      3465.00;            10;               5;         0.80;   3465.80;             Success;    true
INFO	       217;        5;      1.00;      1;      0.00;       3470.00;      3470.00;           200;               0;         0.80;   3470.80;             Success;    true
INFO	       218;        5;      1.00;      3;      0.00;       3470.00;      3470.00;            10;               5;         0.80;   3470.80;             Success;    true
INFO	       219;        5;      1.00;      1;      0.00;       3475.00;      3475.00;           200;               0;         0.80;   3475.80;             Success;    true
INFO	       220;        5;      1.00;      3;      0.00;       3475.00;      3475.00;            10;               5;         0.80;   3475.80;             Success;    true
INFO	       221;        5;      1.00;      1;      0.00;       3480.00;      3480.00;           200;               0;         0.80;   3480.80;             Success;    true
INFO	       222;        5;      1.00;      3;      0.00;       3480.00;      3480.00;            10;               5;         0.80;   3480.80;             Success;    true
INFO	       223;        5;      1.00;      1;      0.00;       3485.00;      3485.00;           200;               0;         0.80;   3485.80;             Success;    true
INFO	       224;        5;      1.00;      3;      0.00;       3485.00;      3485.00;            10;               5;         0.80;   3485.80;             Success;    true
INFO	       225;        5;      1.00;      1;      0.00;       3490.00;      3490.00;           200;               0;         0.80;   3490.80;             Success;    true
INFO	       226;        5;      1.00;      3;      0.00;       3490.00;      3490.00;            10;               5;         0.80;   3490.80;             Success;    true
INFO	       227;        5;      1.00;      1;      0.00;       3495.00;      3495.00;           200;               0;         0.80;   3495.80;             Success;    true
INFO	       228;        5;      1.00;      3;      0.00;       3495.00;      3495.00;            10;               5;         0.80;   3495.80;             Success;    true
INFO	       229;        5;      1.00;      1;      0.00;       3500.00;      3500.00;           200;               0;         0.80;   3500.80;             Success;    true
INFO	       230;        5;      1.00;      3;      0.00;       3500.00;      3500.00;            10;               5;         0.80;   3500.80;             Success;    true
INFO	       231;        5;      1.00;      1;      0.00;       3505.00;      3505.00;           200;               0;         0.80;   3505.80;             Success;    true
INFO	       232;        5;      1.00;      3;      0.00;       3505.00;      3505.00;            10;               5;         0.80;   3505.80;             Success;    true
INFO	       233;        5;      1.00;      1;      0.00;       3510.00;      3510.00;           200;               0;         0.80;   3510.80;             Success;    true
INFO	       234;        5;      1.00;      3;      0.00;       3510.00;      3510.00;            10;               5;         0.80;   3510.80;             Success;    true
INFO	       235;        5;      1.00;      1;      0.00;       3515.00;      3515.00;           200;               0;         0.80;   3515.80;             Success;    true
INFO	       236;        5;      1.00;      3;      0.00;       3515.00;      3515.00;            10;               5;         0.80;   3515.80;             Success;    true
INFO	       237;        5;      1.00;      1;      0.00;       3520.00;      3520.00;           200;               0;         0.80;   3520.80;             Success;    true
INFO	       238;        5;      1.00;      3;      0.00;       3520.00;      3520.00;            10;               5;         0.80;   3520.80;             Success;    true
INFO	       239;        5;      1.00;      1;      0.00;       3525.00;      3525.00;           200;               0;         0.80;   3525.80;             Success;    true
INFO	       240;        5;      1.00;      3;      0.00;       3525.00;      3525.00;            10;               5;         0.80;   3525.80;             Success;    true
